[info] Loading project definition from /mnt/hgfs/Project/NoC/Project/src/project
[info] Updating {file:/mnt/hgfs/Project/NoC/Project/src/project/}src-build...
[info] Resolving org.scala-lang#scala-library;2.10.3 ...
[info] Resolving org.scala-sbt#sbt;0.13.2 ...
[info] Resolving org.scala-sbt#main;0.13.2 ...
[info] Resolving org.scala-sbt#actions;0.13.2 ...
[info] Resolving org.scala-sbt#classpath;0.13.2 ...
[info] Resolving org.scala-lang#scala-compiler;2.10.3 ...
[info] Resolving org.scala-lang#scala-reflect;2.10.3 ...
[info] Resolving org.scala-sbt#launcher-interface;0.13.2 ...
[info] Resolving org.scala-sbt#interface;0.13.2 ...
[info] Resolving org.scala-sbt#io;0.13.2 ...
[info] Resolving org.scala-sbt#control;0.13.2 ...
[info] Resolving org.scala-sbt#completion;0.13.2 ...
[info] Resolving org.scala-sbt#collections;0.13.2 ...
[info] Resolving jline#jline;2.11 ...
[info] Resolving org.scala-sbt#api;0.13.2 ...
[info] Resolving org.scala-sbt#compiler-integration;0.13.2 ...
[info] Resolving org.scala-sbt#incremental-compiler;0.13.2 ...
[info] Resolving org.scala-sbt#logging;0.13.2 ...
[info] Resolving org.scala-sbt#process;0.13.2 ...
[info] Resolving org.scala-sbt#relation;0.13.2 ...
[info] Resolving org.scala-sbt#compile;0.13.2 ...
[info] Resolving org.scala-sbt#persist;0.13.2 ...
[info] Resolving org.scala-tools.sbinary#sbinary_2.10;0.4.2 ...
[info] Resolving org.scala-sbt#classfile;0.13.2 ...
[info] Resolving org.scala-sbt#compiler-ivy-integration;0.13.2 ...
[info] Resolving org.scala-sbt#ivy;0.13.2 ...
[info] Resolving org.scala-sbt#cross;0.13.2 ...
[info] Resolving org.apache.ivy#ivy;2.3.0 ...
[info] Resolving com.jcraft#jsch;0.1.46 ...
[info] Resolving org.scala-sbt#run;0.13.2 ...
[info] Resolving org.scala-sbt#task-system;0.13.2 ...
[info] Resolving org.scala-sbt#tasks;0.13.2 ...
[info] Resolving org.scala-sbt#tracking;0.13.2 ...
[info] Resolving org.scala-sbt#cache;0.13.2 ...
[info] Resolving org.scala-sbt#testing;0.13.2 ...
[info] Resolving org.scala-sbt#test-agent;0.13.2 ...
[info] Resolving org.scala-sbt#test-interface;1.0 ...
[info] Resolving org.scala-sbt#main-settings;0.13.2 ...
[info] Resolving org.scala-sbt#apply-macro;0.13.2 ...
[info] Resolving org.scala-sbt#command;0.13.2 ...
[info] Resolving org.scala-sbt#compiler-interface;0.13.2 ...
[info] Resolving org.scala-sbt#precompiled-2_8_2;0.13.2 ...
[info] Resolving org.scala-sbt#precompiled-2_9_2;0.13.2 ...
[info] Resolving org.scala-sbt#precompiled-2_9_3;0.13.2 ...
[info] Resolving org.scala-lang#jline;2.10.3 ...
[info] Resolving org.fusesource.jansi#jansi;1.4 ...
[info] Done updating.
[info] Set current project to src (in build file:/mnt/hgfs/Project/NoC/Project/src/)
[info] Compiling 3 Scala sources to /mnt/hgfs/Project/NoC/Project/src/target/scala-2.10/classes...
[error] 
[error]      while compiling: /mnt/hgfs/Project/NoC/Project/src/Router.scala
[error]         during phase: jvm
[error]      library version: version 2.10.4
[error]     compiler version: version 2.10.4
[error]   reconstructed args: -classpath /mnt/hgfs/Project/NoC/Project/src/target/scala-2.10/classes:/home/patmos/.ivy2/cache/edu.berkeley.cs/chisel_2.10/jars/chisel_2.10-2.2.26.jar:/home/patmos/.ivy2/cache/org.scala-lang/scala-reflect/jars/scala-reflect-2.10.4.jar -bootclasspath /usr/lib/jvm/java-7-openjdk-i386/jre/lib/resources.jar:/usr/lib/jvm/java-7-openjdk-i386/jre/lib/rt.jar:/usr/lib/jvm/java-7-openjdk-i386/jre/lib/sunrsasign.jar:/usr/lib/jvm/java-7-openjdk-i386/jre/lib/jsse.jar:/usr/lib/jvm/java-7-openjdk-i386/jre/lib/jce.jar:/usr/lib/jvm/java-7-openjdk-i386/jre/lib/charsets.jar:/usr/lib/jvm/java-7-openjdk-i386/jre/lib/rhino.jar:/usr/lib/jvm/java-7-openjdk-i386/jre/lib/jfr.jar:/usr/lib/jvm/java-7-openjdk-i386/jre/classes:/home/patmos/.ivy2/cache/org.scala-lang/scala-library/jars/scala-library-2.10.4.jar
[error] 
[error]   last tree to typer: Literal(Constant(()))
[error]               symbol: null
[error]    symbol definition: null
[error]                  tpe: Unit
[error]        symbol owners: 
[error]       context owners: anonymous class anonfun$37 -> package <empty>
[error] 
[error] == Enclosing template or block ==
[error] 
[error] Template( // val <local $anonfun>: <notype>, tree.tpe=anonfun$37
[error]   "scala.runtime.AbstractFunction0", "scala.Serializable" // parents
[error]   ValDef(
[error]     private
[error]     "_"
[error]     <tpt>
[error]     <empty>
[error]   )
[error]   // 3 statements
[error]   DefDef( // final def apply(): Output_port
[error]     <method> final <triedcooking>
[error]     "apply"
[error]     []
[error]     List(Nil)
[error]     <tpt> // tree.tpe=Output_port
[error]     Apply( // def <init>(): Output_port in class Output_port, tree.tpe=Output_port
[error]       new Output_port."<init>" // def <init>(): Output_port in class Output_port, tree.tpe=()Output_port
[error]       Nil
[error]     )
[error]   )
[error]   DefDef( // final def apply(): Object
[error]     <method> final <bridge>
[error]     "apply"
[error]     []
[error]     List(Nil)
[error]     <tpt> // tree.tpe=Object
[error]     Apply( // final def apply(): Output_port, tree.tpe=Output_port
[error]       Router$$anonfun$37.this."apply" // final def apply(): Output_port, tree.tpe=()Output_port
[error]       Nil
[error]     )
[error]   )
[error]   DefDef( // def <init>(arg$outer: Router): anonfun$37
[error]     <method> <triedcooking>
[error]     "<init>"
[error]     []
[error]     // 1 parameter list
[error]     ValDef( // $outer: Router
[error]       <param>
[error]       "$outer"
[error]       <tpt> // tree.tpe=Router
[error]       <empty>
[error]     )
[error]     <tpt> // tree.tpe=anonfun$37
[error]     Block( // tree.tpe=Unit
[error]       Apply( // def <init>(): scala.runtime.AbstractFunction0 in class AbstractFunction0, tree.tpe=scala.runtime.AbstractFunction0
[error]         Router$$anonfun$37.super."<init>" // def <init>(): scala.runtime.AbstractFunction0 in class AbstractFunction0, tree.tpe=()scala.runtime.AbstractFunction0
[error]         Nil
[error]       )
[error]       ()
[error]     )
[error]   )
[error] )
[error] 
[error] == Expanded type of tree ==
[error] 
[error] TypeRef(TypeSymbol(final abstract class Unit extends ))
[error] 
[error] uncaught exception during compilation: java.io.IOException
[error] File name too long
[error] two errors found
[error] (compile:compile) Compilation failed
[error] Total time: 53 s, completed May 3, 2015 9:35:28 PM
